Altair Feko - FEKO Version 2024.1-8646 from 2024-08-30 [Release/2024.1.0 @fa0708bed491 DIRTY]
          Altair Feko - PREFEKO Version 2023-2564 from 2023-05-25 [FEK: default 196; used 196] BINARY
          CADFEKO version 2024.1-8646 from 2024-08-31
          Copyright (c) 1999-2014 Altair Engineering (Pty) Ltd
          Copyright (c) 2014-2024 Altair Engineering Inc.
          Intel(R) MKL version 2023.0.2 (build 20230613) on Intel(R) Advanced Vector Extensions 2 (Intel(R) AVX-2) with support of Intel(R) Deep Learning Boost (Intel(R) DL Boost), Intel(R) 64 architecture (1 thread)
Computer: PC WIN64 EM64T MKL IMPI -- PC2-3E09DE7
          Microsoft Windows 11 Enterprise Edition  (Build 26200), Version 10.0.26200 x64 (SP 0.0)
          12th Gen Intel(R) Core(TM) i5-12500; GenuineIntel family 6 model 151 stepping 5 brand id 0; AVX2 enabled processor
          1 physical CPU with a total of 12 processors found (multi-core CPU with max. 6 cores per physical CPU)
Threads:  OpenMP threading not used
Date:     2025-12-10 18:17:47
File:     CadFeko Aufgabe 1 Task 2_07
Memory:   Limited to physical available memory of 5.250 GByte per process
          Installed memory 31.696 GByte, thereof free 19.108 GByte on PC2-3E09DE7
MD5 check:1B3750E54C09063BF410F2554F02ABFF
MD5 total:FBAC71146EC3A71EE354F3F6ECE16EBD
Licence:  Altair HyperWorks Products

MPI-lib:  Intel(R) MPI Library 2021.12 for Windows* OS
Number of parallel processes:       6 on 1 CPUs
------------------------------------------------------------------------------------
 Process |                    Hostname                    | No. of  | Shared memory
         |                                                | threads | rank | group
------------------------------------------------------------------------------------
       0 | PC2-3E09DE7                                    |       1 |    0 |     0
       1 | PC2-3E09DE7                                    |       1 |    1 |     0
       2 | PC2-3E09DE7                                    |       1 |    2 |     0
       3 | PC2-3E09DE7                                    |       1 |    3 |     0
       4 | PC2-3E09DE7                                    |       1 |    4 |     0
       5 | PC2-3E09DE7                                    |       1 |    5 |     0
------------------------------------------------------------------------------------


Spice Engine:  HyperSpice Version 2024.0-2f4fd98a

                    Linear segments are used

          Length of the segments in m:         3.00000E+00


                                DATA FOR MEMORY USAGE

 Number of metallic triangles:               0                                max. triangles:    MAXNDR    =        0
 Number of dielectric triangles:             0
 Number of aperture triangles:               0
 Number of RL-GO triangles:                  0
 Number of windscreen triangles:             0
 Number of FEM surface triangles:            0
 Number of modal port triangles:             0
 Number of metallic segments:               18                                max. segments:     MAXNSEG   =       18
 Number of combined MoM/MTL segments:        0
 Number of dielectr./magnet. cuboids:        0                                max. cuboids:      MAXNQUA   =        0
 Number of tetrahedra:                       0                                max. tetrahedra:   MAXNTETRA =        0
 Number of edges in PO region:               0                                max. edges:        MAXPOKA   =        0
 Number of wedges in PO region:              0                                max. wedges:       MAXPOKL   =        0
 Number of Fock regions:                     0                                max. Fock regions: MAXFOGE   =        0
 Number of UTD triangles:                    0
 Number of polygonal surfaces:               0                                max. surfaces:     MAXPOLYF  =        0
                                                                              max. corner pts.:  MAXPOLYP  =        0
 Number of UTD cylinders:                    0

 Number of metallic edges (MoM):             0  unknown:        0 (electr.)   max. edges:        MAXNKA    =        0
                                             0  unknown:        0 (magnet.)
 Number of metallic edges (PO):              0  unknown:        0 (electr.)
                                                unknown:        0 (magnet.)
 Number of dielectric edges (MoM):           0  unknown:        0 (electr.)
                                             0                  0 (magnet.)
 Number of dielectric edges (PO):            0  unknown:        0 (electr.)
                                                unknown:        0 (magnet.)
 Number of aperture edges (MoM):             0  unknown:        0 (magnet.) 
 Number of edges FEM/MoM surface:            0  unknown:        0 (electr.)
                                             0                  0 (magnet.)
 Number of nodes between segments:          16  unknown:       16             max. nodes:        MAXNKNO   =       37
 Number of connection points:                0  unknown:        0             max. conn.:        MAXNV     =        0
 Number of dielectric cuboids:               0  unknown:        0             max. cuboids:      MAXNQUA   =        0
 Number of magnetic cuboids:                 0  unknown:        0
 Number of dielectric faces (VEP):           0  unknown:        0
 Number of magnetic faces (VEP):             0  unknown:        0

 Number of basis functions for MoM:         16  unknown:       16             max. basisf.       MAXNZEILE =       16
 Number of basis functions for PO:           0  unknown:        0             max. basisf.       MAXNKAPO  =        0

 read from input file:
PS       0    0    3    1    0 1.000E+00 0.000E+00 0.000E+00 0.000E+00 0.000E+00 0.000E+00 0.000E+00 0.000E+00
 read from input file:
CG      -1    0   -1    0    0 0.000E+00 0.000E+00 0.000E+00 0.000E+00-1.000E+00-1.000E+00 0.000E+00 0.000E+00
 read from input file:
DI       0    0   -1    0    0 1.000E+00 0.000E+00 0.000E+00 0.000E+00 0.000E+00 1.000E+03 0.000E+00 0.000E+00
 read from input file:
PW       0    0    0    0    0 0.000E+00 0.000E+00 0.000E+00 0.000E+00 0.000E+00 0.000E+00 0.000E+00 0.000E+00
 read from input file:
FR       0    0    0    0    0 9.482E+07 9.482E+07 9.482E+07 0.000E+00 0.000E+00 0.000E+00 0.000E+00 0.000E+00
 read from buffer:
NC       0    0    0    0    0 0.000E+00 0.000E+00 0.000E+00 0.000E+00 0.000E+00 0.000E+00 0.000E+00 0.000E+00
 read from buffer:
DA       0    0    0    0    0 0.000E+00 0.000E+00 0.000E+00 0.000E+00 0.000E+00 0.000E+00 0.000E+00 0.000E+00
 read from buffer:
A1       0    0    0    1    0 1.000E+00 0.000E+00 0.000E+00 0.000E+00 0.000E+00 7.110E+01 0.000E+00 0.000E+00
 read from buffer:
A1       1    1    0    1    0 1.000E+00 0.000E+00 0.000E+00 0.000E+00 0.000E+00 7.110E+01 0.000E+00 0.000E+00
 read from buffer:
DA       0    0    0    0    0 0.000E+00 0.000E+00 0.000E+00 0.000E+00 0.000E+00 0.000E+00 0.000E+00 0.000E+00
 read from buffer:
SP       1    1    0    1    0 0.000E+00 0.000E+00 5.000E-01 0.000E+00 0.000E+00 0.000E+00 0.000E+00 0.000E+00
 
 
      ==============
      CONFIGURATION: SParameterConfiguration1
      ==============


                                   DATA FOR DIELECTRIC MEDIA

internal  relative     relative  conductivity   tan(delta)    tan(delta)    wavelength   mass density    volume     medium
index  permittivity permeability   in S/m       (electric)    (magnetic)       in m       in kg/m^3      in m^3
    0      1.00000      1.00000  0.00000E+00   0.00000E+00   0.00000E+00   3.16170E+00   1.00000E+03    infinite    Free space



                    S-PARAMETER REFERENCE IMPEDANCES AT PORTS

                           port     impedance in Ohm
                              1        7.11000E+01
                              2        7.11000E+01

 Each active source is excited to deliver the specified transmit power of  5.00000E-01 Watt.


                    EXCITATION BY VOLTAGE SOURCE AT A SEGMENT

 Name:                          VoltageSource
 Source index:                  1
 Frequency in Hz:               FREQ =    9.48200E+07
 Wavelength in m:               LAMBDA =  3.16170E+00
 Open circuit voltage in V:     |U0| =    1.68642E+01 
 Phase in degrees:              ARG(U0) =        0.00
 Attached to port:              WirePort2
 Port at segment with label:    Wire.Wire1.WirePort2
 Absolute number of segment:    5
 Radius of segment in m:        5.00000E-03
 Location of the port in m:     x =  0.00000E+00, y =  0.00000E+00, z =  0.00000E+00
 Positive direction:            x =  0.00000E+00, y =  0.00000E+00, z =  1.00000E+00


                         DATA FOR THE GREEN'S FUNCTION

                                   free space


               All segments and metallic triangles are perfectly conducting.


                      DATA FOR SEGMENT LOADS

 Label Wire.Wire1.WirePort2: 
          Loaded wire
          RSS=   0.000E+00 Ohm/m  LSS=   0.000E+00 H/m    CSS=   0.000E+00 F
          RS =   0.000E+00 Ohm    LS =   0.000E+00 H      CS =   0.000E+00 F
          RP =   0.000E+00 Ohm    LP =   0.000E+00 H      CP =   0.000E+00 F
          ZS =   (  7.110E+01 +j  0.000E+00) Ohm          (indep. of freq.)
          Zload'=(  0.000E+00 +j  0.000E+00) Ohm/m        (freq. dep.)
          Zload =(  7.110E+01 +j  0.000E+00) Ohm          (freq. dep.)

 Label Wire_1.Wire1.WirePort3: 
          Loaded wire
          RSS=   0.000E+00 Ohm/m  LSS=   0.000E+00 H/m    CSS=   0.000E+00 F
          RS =   0.000E+00 Ohm    LS =   0.000E+00 H      CS =   0.000E+00 F
          RP =   0.000E+00 Ohm    LP =   0.000E+00 H      CP =   0.000E+00 F
          ZS =   (  7.110E+01 +j  0.000E+00) Ohm          (indep. of freq.)
          Zload'=(  0.000E+00 +j  0.000E+00) Ohm/m        (freq. dep.)
          Zload =(  7.110E+01 +j  0.000E+00) Ohm          (freq. dep.)

 Distributed storage of MoM matrix for parallel version

                    DISTRIBUTED STORAGE OF MATRIX

   Storage scheme: 1
   Number of rows of the matrix:                          16
   Number of columns of the matrix:                       16
   Number of rows of the process grid:                     2
   Number of columns of the process grid:                  3
   Block size:                                             3
   Theoretical load in percent:                        88.89 %
   Number of rows of local matrix:                         9 (process 0)
   Number of columns of local matrix:                      6 (process 0)
   Local memory requirement for matrix:                   54 complex numbers
   (corresponds to  432 Byte)

 Storage using single precision

 Memory requirement for MoM matrix: 16 rows * 16 columns = 256 complex numbers in total for all processes
 For the MoM matrix, a memory of 256 complex numbers is used in total for all processes (i.e. 2.000 kByte)

     Per process, 76.936 kByte of memory has been allocated dynamically,
     which corresponds to 425.306 kByte in total for all processes together
     (peak memory usage of 76.936 kByte per process so far)


     CPU time for calculation of the MoM matrix elements:       0.002 seconds


               PRE-CONDITIONING OF THE LINEAR SET OF EQUATIONS

               Selected preconditioner algorithm: 1

     CPU time for preconditioning:       0.000 seconds
     Run time for preconditioning:       0.000 seconds


               SOLUTION OF THE LINEAR SET OF EQUATIONS WITH SCALAGAU

               Condition number of the matrix: Not available

               Floating point performance for LU decomposition:
                    Not determined since computation time too short

     CPU time for solving the linear set of equations:       0.003 seconds
     Run time for solving the linear set of equations:       0.003 seconds

 S-parameter request with name: SParameter


                              SCATTERING PARAMETERS

       ports                                        magnitude          phase 
    sink source     real part   imag. part      linear      in dB     in deg.
 S     1      1  -1.10358E-02 -3.19268E-02   3.37803E-02  -29.4267   -109.07
 S     2      1   2.03996E-03 -1.85255E-04   2.04836E-03  -53.7719     -5.19
         Sum |S|^2 of these S-parameters:    1.14530E-03  -29.4108



                    EXCITATION BY VOLTAGE SOURCE AT A SEGMENT

 Name:                          VoltageSource
 Source index:                  2
 Frequency in Hz:               FREQ =    9.48200E+07
 Wavelength in m:               LAMBDA =  3.16170E+00
 Open circuit voltage in V:     |U0| =    1.68642E+01 
 Phase in degrees:              ARG(U0) =        0.00
 Attached to port:              WirePort3
 Port at segment with label:    Wire_1.Wire1.WirePort3
 Absolute number of segment:    14
 Radius of segment in m:        5.00000E-03
 Location of the port in m:     x =  0.00000E+00, y =  2.00000E+02, z =  0.00000E+00
 Positive direction:            x =  0.00000E+00, y =  0.00000E+00, z =  1.00000E+00

               All segments and metallic triangles are perfectly conducting.


                      DATA FOR SEGMENT LOADS

 Label Wire.Wire1.WirePort2: 
          Loaded wire
          RSS=   0.000E+00 Ohm/m  LSS=   0.000E+00 H/m    CSS=   0.000E+00 F
          RS =   0.000E+00 Ohm    LS =   0.000E+00 H      CS =   0.000E+00 F
          RP =   0.000E+00 Ohm    LP =   0.000E+00 H      CP =   0.000E+00 F
          ZS =   (  7.110E+01 +j  0.000E+00) Ohm          (indep. of freq.)
          Zload'=(  0.000E+00 +j  0.000E+00) Ohm/m        (freq. dep.)
          Zload =(  7.110E+01 +j  0.000E+00) Ohm          (freq. dep.)

 Label Wire_1.Wire1.WirePort3: 
          Loaded wire
          RSS=   0.000E+00 Ohm/m  LSS=   0.000E+00 H/m    CSS=   0.000E+00 F
          RS =   0.000E+00 Ohm    LS =   0.000E+00 H      CS =   0.000E+00 F
          RP =   0.000E+00 Ohm    LP =   0.000E+00 H      CP =   0.000E+00 F
          ZS =   (  7.110E+01 +j  0.000E+00) Ohm          (indep. of freq.)
          Zload'=(  0.000E+00 +j  0.000E+00) Ohm/m        (freq. dep.)
          Zload =(  7.110E+01 +j  0.000E+00) Ohm          (freq. dep.)


               PRE-CONDITIONING OF THE LINEAR SET OF EQUATIONS

               Selected preconditioner algorithm: 1

     CPU time for preconditioning:       0.000 seconds
     Run time for preconditioning:       0.000 seconds


               SOLUTION OF THE LINEAR SET OF EQUATIONS WITH SCALAGAU
                 (LU decomposition of the matrix already available)

     CPU time for solving the linear set of equations:       0.001 seconds
     Run time for solving the linear set of equations:       0.001 seconds

 S-parameter request with name: SParameter


                              SCATTERING PARAMETERS

       ports                                        magnitude          phase 
    sink source     real part   imag. part      linear      in dB     in deg.
 S     1      2   2.03996E-03 -1.85255E-04   2.04836E-03  -53.7719     -5.19
 S     2      2  -1.10359E-02 -3.19266E-02   3.37801E-02  -29.4268   -109.07
         Sum |S|^2 of these S-parameters:    1.14529E-03  -29.4108

 read from buffer:
DA       0    0    0    0    0 0.000E+00 0.000E+00 0.000E+00 0.000E+00 0.000E+00 0.000E+00 0.000E+00 0.000E+00
 read from buffer:
EN       0    0    0    0    0 0.000E+00 0.000E+00 0.000E+00 0.000E+00 0.000E+00 0.000E+00 0.000E+00 0.000E+00


                    SUMMARY OF REQUIRED TIMES IN SECONDS

                                                   CPU-time       runtime
 Reading and constructing the geometry                0.008         0.008
 Checking the geometry                                0.001         0.001
 Initialisation of the Green's function               0.000         0.000
 Calculation of coupling for PO/Fock                  0.000         0.000
 Transformation to equivalent sources                 0.000         0.000
 Ray launching/tracing phase of RL-GO                 0.000         0.000
 Ray tracing phase of faceted UTD                     0.000         0.000
 Calculation of matrix elements                       0.002         0.002
 Calculation of right-hand side vector                0.002         0.002
 Preconditioning system of linear equations           0.000         0.000
 Solution of the system of linear equations           0.004         0.004
 Calculation of characteristic modes                  0.000         0.000
 Write/Read solution coefficients (.str file)         0.028         0.028
 Determination of surface currents                    0.000         0.000
 Calculation of impedances/powers/losses              0.000         0.000
 Calculation of averaged SAR values                   0.000         0.000
 Calculation of power receiving antenna               0.000         0.000
 Calculation of cable coupling                        0.000         0.000
 Calculation of error estimates                       0.000         0.000
 Calculation of electric near field                   0.000         0.000
 Calculation of magnetic near field                   0.000         0.000
 Calculation of far field                             0.000         0.000
                                    other             0.061         0.061
                                               ------------  ------------
                                 total times:         0.106         0.106
                       (total times in hours:         0.000         0.000)

 Specified CPU-times are referring to the master process only
 Sum of the CPU-times of all processes:         0.636 seconds (     0.000 hours)
 On average per process:                        0.106 seconds (     0.000 hours)

 Peak memory usage during the whole solution: 77.533 kByte
 (refers to the master process only)
 Sum of the peak memory of all processes:     428.524 kByte
 On average per process:                      71.420 kByte

Finished: 2025-12-10 18:17:48
